<?xml version="1.0" encoding="UTF-8"?>
<robot generator="Robot 6.0.2 (Python 3.10.10 on win32)" generated="20230412 20:21:24.352" rpa="false" schemaversion="3">
<suite id="s1" name="Test" source="C:\Users\sanjibd\PycharmProjects\RobotFramework\Automation\test.robot">
<test id="s1-t1" name="Google" line="7">
<kw name="Open Browser" library="SeleniumLibrary">
<arg>https://www.google.com</arg>
<arg>chrome</arg>
<doc>Opens a new browser instance to the optional ``url``.</doc>
<msg timestamp="20230412 20:21:24.517" level="INFO">Opening browser 'chrome' to base url 'https://www.google.com'.</msg>
<status status="PASS" starttime="20230412 20:21:24.516" endtime="20230412 20:21:27.903"/>
</kw>
<kw name="Maximize Browser Window" library="SeleniumLibrary">
<doc>Maximizes current browser window.</doc>
<status status="PASS" starttime="20230412 20:21:27.904" endtime="20230412 20:21:28.023"/>
</kw>
<kw name="Sleep" library="BuiltIn">
<arg>10</arg>
<doc>Pauses the test executed for the given time.</doc>
<msg timestamp="20230412 20:21:38.032" level="INFO">Slept 10 seconds</msg>
<status status="PASS" starttime="20230412 20:21:28.024" endtime="20230412 20:21:38.032"/>
</kw>
<kw name="Close Browser" library="SeleniumLibrary">
<doc>Closes the current browser.</doc>
<status status="PASS" starttime="20230412 20:21:38.033" endtime="20230412 20:21:40.197"/>
</kw>
<status status="PASS" starttime="20230412 20:21:24.516" endtime="20230412 20:21:40.197"/>
</test>
<status status="PASS" starttime="20230412 20:21:24.354" endtime="20230412 20:21:40.199"/>
</suite>
<statistics>
<total>
<stat pass="1" fail="0" skip="0">All Tests</stat>
</total>
<tag>
</tag>
<suite>
<stat pass="1" fail="0" skip="0" id="s1" name="Test">Test</stat>
</suite>
</statistics>
<errors>
</errors>
</robot>
