<?xml version="1.0" encoding="UTF-8"?>
<robot generator="Robot 6.0.2 (Python 3.10.10 on win32)" generated="20230607 15:52:24.809" rpa="false" schemaversion="3">
<suite id="s1" name="Test" source="C:\Users\sanjibd\PycharmProjects\RobotFramework\Automation\test.robot">
<test id="s1-t1" name="Google" line="7">
<kw name="Open Browser" library="SeleniumLibrary">
<arg>https://www.google.com</arg>
<arg>chrome</arg>
<doc>Opens a new browser instance to the optional ``url``.</doc>
<msg timestamp="20230607 15:52:26.320" level="INFO">Opening browser 'chrome' to base url 'https://www.google.com'.</msg>
<status status="PASS" starttime="20230607 15:52:26.319" endtime="20230607 15:52:30.066"/>
</kw>
<kw name="Maximize Browser Window" library="SeleniumLibrary">
<doc>Maximizes current browser window.</doc>
<status status="PASS" starttime="20230607 15:52:30.067" endtime="20230607 15:52:30.207"/>
</kw>
<kw name="Sleep" library="BuiltIn">
<arg>10</arg>
<doc>Pauses the test executed for the given time.</doc>
<msg timestamp="20230607 15:52:40.213" level="INFO">Slept 10 seconds</msg>
<status status="PASS" starttime="20230607 15:52:30.208" endtime="20230607 15:52:40.213"/>
</kw>
<kw name="Close Browser" library="SeleniumLibrary">
<doc>Closes the current browser.</doc>
<status status="PASS" starttime="20230607 15:52:40.214" endtime="20230607 15:52:42.452"/>
</kw>
<status status="PASS" starttime="20230607 15:52:26.318" endtime="20230607 15:52:42.453"/>
</test>
<status status="PASS" starttime="20230607 15:52:24.813" endtime="20230607 15:52:42.454"/>
</suite>
<statistics>
<total>
<stat pass="1" fail="0" skip="0">All Tests</stat>
</total>
<tag>
</tag>
<suite>
<stat pass="1" fail="0" skip="0" id="s1" name="Test">Test</stat>
</suite>
</statistics>
<errors>
</errors>
</robot>
